\BOOKMARK [1][-]{section.1}{\376\377\000P\000a\000p\000e\000r\000s}{}% 1
\BOOKMARK [2][-]{subsection.2.1}{\376\377\000H\000u\000m\000p\000b\000a\000c\000k\000\040\000w\000h\000a\000l\000e\000\040\000s\000o\000n\000g\000\040\000h\000i\000e\000r\000a\000r\000c\000h\000i\000c\000a\000l\000\040\000s\000t\000r\000u\000c\000t\000u\000r\000e\000:\000\040\000H\000i\000s\000t\000o\000r\000i\000c\000a\000l\000\040\000c\000o\000n\000t\000e\000x\000t\000\040\000a\000n\000d\000\040\000d\000i\000s\000c\000u\000s\000s\000i\000o\000n\000\040\000o\000f\000\040\000c\000u\000r\000r\000e\000n\000t\000\040\000c\000l\000a\000s\000s\000i\000f\000i\000c\000a\000t\000i\000o\000n\000\040\000i\000s\000s\000u\000e\000s\000\040}{section.1}% 2
\BOOKMARK [2][-]{subsection.2.2}{\376\377\000G\000a\000r\000l\000a\000n\000d\000-\0002\0000\0002\0000\000-\000F\000r\000o\000n\000t\000i\000e\000r\000s\000\040\000i\000n\000\040\000P\000s\000y\000c\000h\000o\000l\000o\000g\000y}{section.1}% 3
\BOOKMARK [2][-]{subsection.2.3}{\376\377\000T\000e\000r\000r\000e\000s\000t\000r\000i\000a\000l\000,\000\040\000S\000e\000m\000i\000-\000a\000q\000u\000a\000t\000i\000c\000,\000\040\000a\000n\000d\000\040\000F\000u\000l\000l\000y\000\040\000A\000q\000u\000a\000t\000i\000c\000\040\000M\000a\000m\000m\000a\000l\000\040\000S\000o\000u\000n\000d\000\040\000P\000r\000o\000d\000u\000c\000t\000i\000o\000n\000\040\000M\000e\000c\000h\000a\000n\000i\000s\000m\000s}{section.1}% 4
\BOOKMARK [2][-]{subsection.2.4}{\376\377\000T\000h\000e\000\040\000d\000e\000v\000i\000l\000\040\000i\000s\000\040\000i\000n\000\040\000t\000h\000e\000\040\000d\000e\000t\000a\000i\000l\000:\000\040\000Q\000u\000a\000n\000t\000i\000f\000y\000i\000n\000g\000\040\000v\000o\000c\000a\000l\000\040\000v\000a\000r\000i\000a\000t\000i\000o\000n\000\040\000i\000n\000\040\000a\000\040\000c\000o\000m\000p\000l\000e\000x\000,\000\040\000m\000u\000l\000i\000t\000-\000l\000e\000v\000e\000l\000l\000e\000d\000,\000\040\000a\000n\000d\000\040\000r\000a\000p\000i\000d\000l\000y\000\040\000a\000v\000o\000l\000v\000i\000n\000g\000\040\000d\000i\000s\000p\000l\000a\000y}{section.1}% 5
\BOOKMARK [2][-]{subsection.2.5}{\376\377\000D\000e\000e\000p\000\040\000M\000a\000c\000h\000i\000n\000e\000\040\000L\000e\000a\000r\000n\000i\000n\000g\000\040\000T\000e\000c\000h\000n\000i\000q\000u\000e\000s\000\040\000f\000o\000r\000\040\000t\000h\000e\000\040\000D\000e\000t\000e\000c\000t\000i\000o\000n\000\040\000a\000n\000d\000\040\000C\000l\000a\000s\000s\000i\000f\000i\000c\000a\000t\000i\000o\000n\000\040\000o\000f\000\040\000S\000p\000e\000r\000m\000\040\000W\000h\000a\000l\000e\000\040\000B\000i\000o\000a\000c\000o\000u\000s\000t\000i\000c\000s}{section.1}% 6
\BOOKMARK [2][-]{subsection.2.6}{\376\377\000A\000c\000o\000u\000s\000t\000i\000c\000\040\000D\000e\000t\000e\000c\000t\000i\000o\000n\000\040\000o\000f\000\040\000H\000u\000m\000p\000b\000a\000c\000k\000\040\000W\000h\000a\000l\000e\000s\000\040\000U\000s\000i\000n\000g\000\040\000a\000\040\000C\000o\000n\000v\000o\000l\000u\000t\000i\000o\000n\000a\000l\000\040\000N\000e\000u\000r\000a\000l\000\040\000N\000e\000t\000w\000o\000r\000k}{section.1}% 7
\BOOKMARK [2][-]{subsection.2.7}{\376\377\000A\000l\000l\000\040\000u\000n\000i\000t\000s\000\040\000a\000r\000e\000\040\000e\000q\000u\000a\000l\000\040\000i\000n\000\040\000h\000u\000m\000p\000b\000a\000c\000k\000\040\000w\000h\000a\000l\000e\000\040\000s\000o\000n\000g\000s\000,\000\040\000b\000u\000t\000\040\000s\000o\000m\000e\000\040\000a\000r\000e\000\040\000m\000o\000r\000e\000\040\000e\000q\000u\000a\000l\000\040\000t\000h\000a\000n\000\040\000o\000t\000h\000e\000r\000s}{section.1}% 8
\BOOKMARK [1][-]{section.3}{\376\377\000E\000x\000a\000m\000p\000l\000e\000s}{}% 9
\BOOKMARK [2][-]{subsection.4.1}{\376\377\000S\000t\000a\000t\000i\000s\000t\000i\000c\000s}{section.3}% 10
\BOOKMARK [3][-]{subsubsection.4.1.1}{\376\377\000B\000o\000o\000t\000s\000t\000r\000a\000p\000p\000i\000n\000g\000\040\000D\000e\000n\000d\000r\000o\000g\000r\000a\000m\000s}{subsection.4.1}% 11
\BOOKMARK [3][-]{subsubsection.4.1.2}{\376\377\000A\000N\000O\000V\000A}{subsection.4.1}% 12
\BOOKMARK [2][-]{subsection.4.2}{\376\377\000M\000a\000c\000h\000i\000n\000e\000\040\000L\000e\000a\000r\000n\000i\000n\000g}{section.3}% 13
\BOOKMARK [3][-]{subsubsection.4.2.1}{\376\377\000P\000e\000r\000c\000e\000p\000t\000r\000o\000n\000\040\000t\000r\000a\000i\000n\000i\000n\000g}{subsection.4.2}% 14
\BOOKMARK [1][-]{section.5}{\376\377\000S\000t\000a\000t\000i\000s\000t\000i\000c\000s}{}% 15
\BOOKMARK [2][-]{subsection.6.1}{\376\377\000T\000r\000a\000n\000s\000f\000o\000r\000m\000a\000t\000i\000o\000n\000s}{section.5}% 16
\BOOKMARK [3][-]{subsubsection.6.1.1}{\376\377\000Z\000-\000T\000r\000a\000n\000s\000f\000o\000r\000m\000a\000t\000i\000o\000n\000\040\000\050\000a\000l\000s\000o\000\040\000s\000t\000a\000n\000d\000a\000r\000d\000i\000z\000a\000t\000i\000o\000n\000\040\000o\000r\000\040\000a\000u\000t\000o\000-\000s\000c\000a\000l\000i\000n\000g\000\051}{subsection.6.1}% 17
\BOOKMARK [3][-]{subsubsection.6.1.2}{\376\377\000U\000n\000w\000e\000i\000g\000h\000t\000e\000d\000\040\000P\000a\000i\000r\000\040\000G\000r\000o\000u\000p\000e\000d\000\040\000M\000e\000t\000h\000o\000d\000\040\000w\000i\000t\000h\000\040\000A\000r\000i\000t\000h\000m\000e\000t\000i\000c\000\040\000M\000e\000a\000n\000\040\000-\000\040\000U\000P\000G\000M\000A}{subsection.6.1}% 18
\BOOKMARK [3][-]{subsubsection.6.1.3}{\376\377\000B\000o\000o\000t\000s\000t\000r\000a\000p\000p\000i\000n\000g}{subsection.6.1}% 19
\BOOKMARK [3][-]{subsubsection.6.1.4}{\376\377\000P\000h\000y\000l\000o\000g\000e\000n\000e\000t\000i\000c\000\040\000t\000r\000e\000e}{subsection.6.1}% 20
\BOOKMARK [2][-]{subsection.6.2}{\376\377\000M\000e\000t\000r\000i\000c\000s}{section.5}% 21
\BOOKMARK [3][-]{subsubsection.6.2.1}{\376\377\000L\000e\000v\000e\000n\000s\000h\000t\000e\000i\000n\000\040\000D\000i\000s\000t\000a\000n\000c\000e}{subsection.6.2}% 22
\BOOKMARK [3][-]{subsubsection.6.2.2}{\376\377\000C\000o\000p\000h\000e\000n\000e\000t\000i\000c\000\040\000C\000o\000r\000r\000e\000l\000a\000t\000i\000o\000n\000\040\000C\000o\000e\000f\000f\000i\000c\000i\000e\000n\000t}{subsection.6.2}% 23
\BOOKMARK [2][-]{subsection.6.3}{\376\377\000T\000o\000o\000l\000s}{section.5}% 24
\BOOKMARK [3][-]{subsubsection.6.3.1}{\376\377\000s\000t\000a\000t\000i\000s\000t\000i\000c\000a\000l\000\040\000s\000i\000g\000n\000i\000f\000i\000c\000a\000n\000c\000e}{subsection.6.3}% 25
\BOOKMARK [3][-]{subsubsection.6.3.2}{\376\377\000z\000-\000t\000e\000s\000t}{subsection.6.3}% 26
\BOOKMARK [3][-]{subsubsection.6.3.3}{\376\377\000T\000w\000o\000-\000T\000a\000i\000l\000e\000d\000\040\000T\000e\000s\000t}{subsection.6.3}% 27
\BOOKMARK [3][-]{subsubsection.6.3.4}{\376\377\000A\000n\000a\000l\000y\000s\000i\000s\000\040\000o\000f\000\040\000V\000a\000r\000i\000a\000n\000c\000e\000\040\000-\000\040\000A\000N\000O\000V\000A}{subsection.6.3}% 28
\BOOKMARK [1][-]{section.7}{\376\377\000M\000a\000c\000h\000i\000n\000e\000\040\000L\000e\000a\000r\000n\000i\000n\000g}{}% 29
\BOOKMARK [2][-]{subsection.8.1}{\376\377\000A\000l\000g\000o\000r\000i\000t\000h\000m\000s}{section.7}% 30
\BOOKMARK [3][-]{subsubsection.8.1.1}{\376\377\000D\000e\000c\000i\000s\000i\000o\000n\000\040\000T\000r\000e\000e}{subsection.8.1}% 31
\BOOKMARK [3][-]{subsubsection.8.1.2}{\376\377\000R\000a\000n\000d\000o\000m\000\040\000F\000o\000r\000e\000s\000t}{subsection.8.1}% 32
\BOOKMARK [3][-]{subsubsection.8.1.3}{\376\377\000C\000l\000a\000s\000s\000i\000f\000i\000c\000a\000t\000i\000o\000n\000\040\000a\000n\000d\000\040\000R\000e\000g\000r\000e\000s\000s\000i\000o\000n\000\040\000T\000r\000e\000e\000\040\000-\000\040\000C\000A\000R\000T}{subsection.8.1}% 33
\BOOKMARK [3][-]{subsubsection.8.1.4}{\376\377\000P\000r\000i\000n\000c\000i\000p\000a\000l\000\040\000C\000o\000m\000p\000o\000n\000e\000n\000t\000\040\000A\000n\000a\000l\000y\000s\000i\000s\000\040\000-\000\040\000P\000C\000A}{subsection.8.1}% 34
\BOOKMARK [3][-]{subsubsection.8.1.5}{\376\377\000t\000-\000D\000i\000s\000t\000r\000i\000b\000u\000t\000e\000d\000\040\000S\000t\000o\000c\000h\000a\000s\000t\000i\000c\000\040\000N\000e\000i\000g\000h\000b\000o\000r\000\040\000E\000m\000b\000e\000d\000d\000i\000n\000g\000\040\000\050\000t\000-\000S\000N\000E\000\051}{subsection.8.1}% 35
\BOOKMARK [2][-]{subsection.8.2}{\376\377\000T\000o\000o\000l\000s}{section.7}% 36
\BOOKMARK [3][-]{subsubsection.8.2.1}{\376\377\000S\000p\000e\000c\000t\000r\000o\000g\000r\000a\000m\000\040\000a\000n\000d\000\040\000S\000T\000F\000T\000\040\000w\000i\000n\000d\000o\000w\000i\000n\000g}{subsection.8.2}% 37
\BOOKMARK [3][-]{subsubsection.8.2.2}{\376\377\000S\000i\000n\000g\000u\000l\000a\000r\000\040\000V\000a\000l\000u\000e\000\040\000D\000e\000c\000o\000m\000p\000o\000s\000i\000t\000i\000o\000n}{subsection.8.2}% 38
\BOOKMARK [3][-]{subsubsection.8.2.3}{\376\377\000S\000e\000l\000f\000-\000o\000r\000g\000a\000n\000i\000z\000i\000n\000g\000\040\000\050\000f\000e\000a\000t\000u\000r\000e\000\051\000\040\000m\000a\000p\000\040\000-\000\040\000S\000O\000M}{subsection.8.2}% 39
\BOOKMARK [3][-]{subsubsection.8.2.4}{\376\377\000C\000r\000o\000s\000s\000\040\000E\000n\000t\000r\000o\000p\000y}{subsection.8.2}% 40
\BOOKMARK [3][-]{subsubsection.8.2.5}{\376\377\000D\000a\000t\000a\000\040\000A\000u\000g\000m\000e\000n\000t\000a\000t\000i\000o\000n}{subsection.8.2}% 41
\BOOKMARK [2][-]{subsection.8.3}{\376\377\000P\000r\000e\000c\000i\000s\000i\000o\000n\000\040\000M\000e\000t\000r\000i\000c\000s\000\040\000i\000n\000\040\000B\000i\000n\000a\000r\000y\000\040\000C\000l\000a\000s\000s\000i\000f\000i\000c\000a\000t\000i\000o\000n\000\040\000T\000a\000s\000k\000s}{section.7}% 42
\BOOKMARK [3][-]{subsubsection.8.3.1}{\376\377\000R\000e\000c\000e\000i\000v\000e\000r\000\040\000O\000p\000e\000r\000a\000t\000i\000n\000g\000\040\000C\000h\000a\000r\000a\000c\000t\000e\000r\000i\000s\000t\000i\000c\000\040\000C\000u\000r\000v\000e\000\040\000\050\000R\000O\000C\000\051}{subsection.8.3}% 43
\BOOKMARK [3][-]{subsubsection.8.3.2}{\376\377\000P\000r\000e\000c\000i\000s\000i\000o\000n\000-\000R\000e\000c\000a\000l\000l\000\040\000C\000u\000r\000v\000e\000\040\000\050\000P\000R\000\051}{subsection.8.3}% 44
\BOOKMARK [2][-]{subsection.8.4}{\376\377\000D\000e\000e\000p\000\040\000N\000e\000u\000r\000a\000l\000\040\000N\000e\000t\000w\000o\000r\000k\000s}{section.7}% 45
\BOOKMARK [3][-]{subsubsection.8.4.1}{\376\377\000B\000a\000s\000i\000c\000\040\000S\000t\000r\000u\000c\000t\000u\000r\000e}{subsection.8.4}% 46
\BOOKMARK [3][-]{subsubsection.8.4.2}{\376\377\000L\000o\000n\000g\000\040\000S\000h\000o\000r\000t\000-\000T\000e\000r\000m\000\040\000M\000e\000m\000o\000r\000y\000\040\000n\000e\000t\000w\000o\000r\000k\000\040\000\050\000L\000S\000T\000M\000\051}{subsection.8.4}% 47
\BOOKMARK [3][-]{subsubsection.8.4.3}{\376\377\000I\000n\000t\000u\000i\000t\000i\000o\000n\000\040\000f\000o\000r\000\040\000N\000N\000\040\000s\000t\000r\000u\000c\000t\000u\000r\000e}{subsection.8.4}% 48
\BOOKMARK [3][-]{subsubsection.8.4.4}{\376\377\000C\000h\000a\000l\000l\000e\000n\000g\000e\000s\000\040\000o\000f\000\040\000T\000r\000a\000i\000n\000i\000n\000g\000\040\000D\000e\000e\000p\000\040\000N\000e\000u\000r\000a\000l\000\040\000N\000e\000t\000w\000o\000r\000k\000s}{subsection.8.4}% 49
\BOOKMARK [3][-]{subsubsection.8.4.5}{\376\377\000O\000p\000t\000i\000m\000i\000z\000a\000t\000i\000o\000n\000s}{subsection.8.4}% 50
\BOOKMARK [2][-]{subsection.8.5}{\376\377\000C\000o\000n\000v\000o\000l\000u\000t\000i\000o\000n\000a\000l\000\040\000N\000e\000u\000r\000a\000l\000\040\000N\000e\000t\000w\000o\000r\000k\000s\000\040\000\050\000C\000N\000N\000\051}{section.7}% 51
\BOOKMARK [3][-]{subsubsection.8.5.1}{\376\377\000H\000i\000s\000t\000o\000r\000y\000\040\000a\000n\000d\000\040\000C\000o\000n\000c\000e\000p\000t}{subsection.8.5}% 52
\BOOKMARK [3][-]{subsubsection.8.5.2}{\376\377\000I\000m\000p\000l\000e\000m\000e\000n\000t\000a\000t\000i\000o\000n\000\040\000i\000n\000\040\000T\000e\000n\000s\000o\000r\000F\000l\000o\000w}{subsection.8.5}% 53
\BOOKMARK [3][-]{subsubsection.8.5.3}{\376\377\000P\000o\000o\000l\000i\000n\000g\000\040\000l\000a\000y\000e\000r\000s}{subsection.8.5}% 54
\BOOKMARK [3][-]{subsubsection.8.5.4}{\376\377\000C\000N\000N\000\040\000A\000r\000c\000h\000i\000t\000e\000c\000t\000u\000r\000e\000s}{subsection.8.5}% 55
\BOOKMARK [3][-]{subsubsection.8.5.5}{\376\377\000L\000e\000N\000e\000t\000-\0005}{subsection.8.5}% 56
\BOOKMARK [3][-]{subsubsection.8.5.6}{\376\377\000A\000l\000e\000x\000N\000e\000t}{subsection.8.5}% 57
\BOOKMARK [3][-]{subsubsection.8.5.7}{\376\377\000G\000o\000o\000g\000L\000e\000N\000e\000t}{subsection.8.5}% 58
\BOOKMARK [3][-]{subsubsection.8.5.8}{\376\377\000V\000G\000G\000N\000e\000t}{subsection.8.5}% 59
\BOOKMARK [3][-]{subsubsection.8.5.9}{\376\377\000R\000e\000s\000N\000e\000t}{subsection.8.5}% 60
\BOOKMARK [3][-]{subsubsection.8.5.10}{\376\377\000X\000c\000e\000p\000t\000i\000o\000n}{subsection.8.5}% 61
\BOOKMARK [3][-]{subsubsection.8.5.11}{\376\377\000S\000E\000N\000e\000t}{subsection.8.5}% 62
\BOOKMARK [3][-]{subsubsection.8.5.12}{\376\377\000I\000m\000p\000l\000e\000m\000e\000n\000t\000a\000t\000i\000o\000n\000\040\000o\000f\000\040\000a\000\040\000R\000e\000s\000N\000e\000t\000-\0003\0004\000\040\000C\000N\000N\000\040\000U\000s\000i\000n\000g\000\040\000K\000e\000r\000a\000s}{subsection.8.5}% 63
\BOOKMARK [3][-]{subsubsection.8.5.13}{\376\377\000E\000a\000s\000y\000\040\000G\000u\000i\000d\000e\000\040\000t\000o\000\040\000P\000r\000e\000d\000i\000d\000c\000t\000i\000o\000n\000s\000\040\000w\000i\000t\000h\000\040\000P\000r\000e\000t\000r\000a\000i\000n\000e\000d\000\040\000M\000o\000d\000e\000l\000s}{subsection.8.5}% 64
\BOOKMARK [3][-]{subsubsection.8.5.14}{\376\377\000P\000r\000e\000t\000r\000a\000i\000n\000e\000d\000\040\000M\000o\000d\000e\000l\000s\000\040\000f\000o\000r\000\040\000T\000r\000a\000n\000s\000f\000e\000r\000\040\000L\000e\000a\000r\000n\000i\000n\000g}{subsection.8.5}% 65
\BOOKMARK [1][-]{section.9}{\376\377\000T\000a\000x\000o\000n\000o\000m\000y}{}% 66
\BOOKMARK [2][-]{subsection.10.1}{\376\377\000P\000f\000a\000d\000\040\000z\000u\000\040\000K\000a\000t\000e\000c\000e\000a\000n\000e\000n}{section.9}% 67
\BOOKMARK [2][-]{subsection.10.2}{\376\377\000C\000e\000t\000a\000c\000e\000a\000n\000s}{section.9}% 68
\BOOKMARK [3][-]{subsubsection.10.2.1}{\376\377\000B\000a\000l\000e\000e\000n\000\040\000w\000h\000a\000l\000e\000\040\000\050\000m\000y\000s\000t\000i\000c\000e\000t\000e\000s\000\051\000\040\000\050\000P\000a\000r\000v\000o\000r\000d\000e\000r\000\051\000\040\000-\000\040\000B\000a\000r\000t\000e\000n\000w\000a\000l\000e\000\040\000\050\000U\000n\000t\000e\000r\000o\000r\000d\000n\000u\000n\000g\000\051}{subsection.10.2}% 69
\BOOKMARK [3][-]{subsubsection.10.2.2}{\376\377\000T\000o\000o\000t\000h\000e\000d\000\040\000w\000h\000a\000l\000e\000\040\000\050\000o\000d\000o\000n\000t\000o\000c\000e\000t\000e\000s\000\051\000\040\000\050\000P\000a\000r\000v\000o\000r\000d\000e\000r\000\051\000\040\000-\000\040\000Z\000a\000h\000n\000w\000a\000l\000e\000\040\000\050\000U\000n\000t\000e\000r\000o\000r\000d\000n\000u\000n\000g\000\051}{subsection.10.2}% 70
